'n100p5t2s1.pcp		0.728		0.04		10.0		7
''n100p5t2s2.pcp		0.291		0.04		10.0		7
''n100p5t2s3.pcp		0.364		0.04		10.0		7
''n100p5t2s4.pcp		0.218		0.04		10.0		7
''n100p5t2s5.pcp		0.262		0.04		10.0		7
''n120p5t2s1.pcp		0.353		0.04		10.0		9
''n120p5t2s2.pcp		0.44		0.04		10.0		8
''n120p5t2s3.pcp		0.427		0.04		10.0		9
''n120p5t2s4.pcp		0.568		0.04		10.0		8
''n120p5t2s5.pcp		0.395		0.04		10.0		9
''n20p5t2s1.pcp		0.004		0.04		10.0		3
''n20p5t2s2.pcp		0.006		0.04		10.0		3
''n20p5t2s3.pcp		0.004		0.04		10.0		3
''n20p5t2s4.pcp		0.001		0.04		10.0		3
''n20p5t2s5.pcp		0.002		0.04		10.0		3
''n40p5t2s1.pcp		0.013		0.04		10.0		4
''n40p5t2s2.pcp		0.013		0.04		10.0		4
''n40p5t2s3.pcp		0.015		0.04		10.0		4
''n40p5t2s4.pcp		0.012		0.04		10.0		4
''n40p5t2s5.pcp		0.012		0.04		10.0		4
''n60p5t2s1.pcp		0.052		0.04		10.0		5
''n60p5t2s2.pcp		0.05		0.04		10.0		5
''n60p5t2s3.pcp		0.044		0.04		10.0		5
''n60p5t2s4.pcp		0.041		0.04		10.0		5
''n60p5t2s5.pcp		0.051		0.04		10.0		5
''n70p5t2s1.pcp		0.076		0.04		10.0		6
''n70p5t2s2.pcp		0.064		0.04		10.0		6
''n70p5t2s3.pcp		0.058		0.04		10.0		6
''n70p5t2s4.pcp		0.059		0.04		10.0		6
''n70p5t2s5.pcp		0.069		0.04		10.0		6
''n80p5t2s1.pcp		0.107		0.04		10.0		6
''n80p5t2s2.pcp		0.115		0.04		10.0		6
''n80p5t2s3.pcp		0.104		0.04		10.0		6
''n80p5t2s4.pcp		0.088		0.04		10.0		7
''n80p5t2s5.pcp		0.182		0.04		10.0		6
''n90p1t2s1.pcp		0.009		0.04		10.0		3
''n90p1t2s2.pcp		0.008		0.04		10.0		3
''n90p1t2s3.pcp		0.01		0.04		10.0		3
''n90p1t2s4.pcp		0.01		0.04		10.0		3
''n90p1t2s5.pcp		0.01		0.04		10.0		3
''n90p2t2s1.pcp		0.028		0.04		10.0		4
''n90p2t2s2.pcp		0.029		0.04		10.0		3
''n90p2t2s3.pcp		0.039		0.04		10.0		4
''n90p2t2s4.pcp		0.026		0.04		10.0		4
''n90p2t2s5.pcp		0.038		0.04		10.0		4
''n90p3t2s1.pcp		0.047		0.04		10.0		5
''n90p3t2s2.pcp		0.047		0.04		10.0		5
''n90p3t2s3.pcp		0.065		0.04		10.0		5
''n90p3t2s4.pcp		0.047		0.04		10.0		5
''n90p3t2s5.pcp		0.077		0.04		10.0		5
''n90p4t2s1.pcp		0.089		0.04		10.0		6
''n90p4t2s2.pcp		0.077		0.04		10.0		6
''n90p4t2s3.pcp		0.101		0.04		10.0		6
''n90p4t2s4.pcp		0.097		0.04		10.0		6
''n90p4t2s5.pcp		0.102		0.04		10.0		6
''n90p5t2s1.pcp		0.141		0.04		10.0		7
''n90p5t2s2.pcp		0.132		0.04		10.0		7
''n90p5t2s3.pcp		0.164		0.04		10.0		7
''n90p5t2s4.pcp		0.148		0.04		10.0		7
''n90p5t2s5.pcp		0.185		0.04		10.0		7
''n90p6t2s1.pcp		0.318		0.04		10.0		8
''n90p6t2s2.pcp		0.242		0.04		10.0		8
''n90p6t2s3.pcp		0.313		0.04		10.0		8
''n90p6t2s4.pcp		0.322		0.04		10.0		8
''n90p6t2s5.pcp		0.241		0.04		10.0		9
''n90p7t2s1.pcp		0.327		0.04		10.0		10
''n90p7t2s2.pcp		0.417		0.04		10.0		10
''n90p7t2s3.pcp		0.385		0.04		10.0		10
''n90p7t2s4.pcp		0.388		0.04		10.0		10
''n90p7t2s5.pcp		0.376		0.04		10.0		10
''n90p8t2s1.pcp		0.86		0.04		10.0		12
''n90p8t2s2.pcp		0.588		0.04		10.0		12
''n90p8t2s3.pcp		0.682		0.04		10.0		12
''n90p8t2s4.pcp		0.586		0.04		10.0		12
''n90p8t2s5.pcp		0.603		0.04		10.0		12
''n90p9t2s1.pcp		1.091		0.04		10.0		16
''n90p9t2s2.pcp		0.968		0.04		10.0		16
''n90p9t2s3.pcp		1.049		0.04		10.0		16
''n90p9t2s4.pcp		1.114		0.04		10.0		15
''n90p9t2s5.pcp		0.9		0.04		10.0		16
''
 FINISHED! SUM: 553
'