\BOOKMARK [0][-]{chapter.1}{Introduction}{}% 1
\BOOKMARK [1][-]{section.1.1}{Motivation}{chapter.1}% 2
\BOOKMARK [1][-]{section.1.2}{Guide to the Thesis}{chapter.1}% 3
\BOOKMARK [0][-]{chapter.2}{Preliminaries}{}% 4
\BOOKMARK [1][-]{section.2.1}{Graph Theory Definitions}{chapter.2}% 5
\BOOKMARK [1][-]{section.2.2}{Metaheuristics}{chapter.2}% 6
\BOOKMARK [0][-]{chapter.3}{Previous Works}{}% 7
\BOOKMARK [1][-]{section.3.1}{Exact Approaches}{chapter.3}% 8
\BOOKMARK [1][-]{section.3.2}{Heuristical Approaches}{chapter.3}% 9
\BOOKMARK [0][-]{chapter.4}{Problem Solving Approach}{}% 10
\BOOKMARK [1][-]{section.4.1}{Constructional Heuristics}{chapter.4}% 11
\BOOKMARK [1][-]{section.4.2}{Recoloring}{chapter.4}% 12
\BOOKMARK [1][-]{section.4.3}{Local Search}{chapter.4}% 13
\BOOKMARK [0][-]{chapter.5}{Computational Results}{}% 14
\BOOKMARK [1][-]{section.5.1}{Implementation Details and Testing Environment}{chapter.5}% 15
\BOOKMARK [1][-]{section.5.2}{Instances}{chapter.5}% 16
\BOOKMARK [1][-]{section.5.3}{Results}{chapter.5}% 17
\BOOKMARK [0][-]{chapter.6}{Critical Reflection and Outlook}{}% 18
\BOOKMARK [1][-]{section.6.1}{Critical Reflection}{chapter.6}% 19
\BOOKMARK [1][-]{section.6.2}{Future Works}{chapter.6}% 20
\BOOKMARK [0][-]{chapter.7}{Summary}{}% 21
\BOOKMARK [0][-]{section*.8}{Bibliography}{}% 22
